1 0 0.01 56806.7
1 3 0.01 56684.2
1 4 0.01 56496.7
1 5 0.01 56298.6
1 6 0.01 56094.8
1 7 0.01 55888
1 8 0.01 55679.9
1 9 0.01 55472
1 10 0.01 55265
1 11 0.01 55059.6
1 12 0.01 54856.4
1 13 0.01 54655.6
1 14 0.01 54457.8
1 15 0.01 54263
1 16 0.01 54071.6
1 17 0.01 53883.6
1 18 0.01 53699.3
1 19 0.01 53518.7
1 20 0.01 53342
1 21 0.01 53169.3
1 22 0.01 53000.5
1 23 0.01 52835.9
1 24 0.01 52675.3
1 25 0.01 52519
1 26 0.01 52366.8
1 27 0.01 52219
1 28 0.01 52075.4
1 29 0.01 51936.1
1 30 0.01 51801.1
1 31 0.01 51670.5
1 32 0.01 51544.3
1 33 0.01 51422.4
1 34 0.01 51304.9
1 35 0.01 51191.8
1 36 0.01 51083.1
1 37 0.01 50978.9
1 38 0.01 50879
1 39 0.01 50783.6
1 40 0.01 50692.6
1 41 0.01 50606
1 42 0.01 50523.9
1 43 0.01 50446.2
1 44 0.01 50372.9
1 45 0.01 50304.1
1 46 0.01 50239.7
1 47 0.01 50179.8
1 48 0.01 50124.3
1 49 0.01 50073.2
1 50 0.01 50026.6
1 51 0.01 49984.4
1 52 0.01 49946.7
1 53 0.01 49913.4
1 54 0.01 49884.5
1 55 0.01 49860.1
1 56 0.01 49840.1
1 57 0.01 49824.6
1 58 0.01 49813.5
1 59 0.01 49806.9
1 60 0.01 49804.6
2 0 0.01 13573.5
2 3 0.01 13543.3
2 4 0.01 13497.4
2 5 0.01 13449
2 6 0.01 13399.2
2 7 0.01 13348.6
2 8 0.01 13297.7
2 9 0.01 13246.9
2 10 0.01 13196.3
2 11 0.01 13146.1
2 12 0.01 13096.4
2 13 0.01 13047.4
2 14 0.01 12999
2 15 0.01 12951.4
2 16 0.01 12904.6
2 17 0.01 12858.7
2 18 0.01 12813.7
2 19 0.01 12769.6
2 20 0.01 12726.4
2 21 0.01 12684.2
2 22 0.01 12643
2 23 0.01 12602.8
2 24 0.01 12563.6
2 25 0.01 12525.4
2 26 0.01 12488.2
2 27 0.01 12452.1
2 28 0.01 12417
2 29 0.01 12383
2 30 0.01 12350.1
2 31 0.01 12318.2
2 32 0.01 12287.3
2 33 0.01 12257.6
2 34 0.01 12228.9
2 35 0.01 12201.3
2 36 0.01 12174.7
2 37 0.01 12149.3
2 38 0.01 12124.9
2 39 0.01 12101.6
2 40 0.01 12079.4
2 41 0.01 12058.3
2 42 0.01 12038.2
2 43 0.01 12019.3
2 44 0.01 12001.4
2 45 0.01 11984.6
2 46 0.01 11968.9
2 47 0.01 11954.2
2 48 0.01 11940.7
2 49 0.01 11928.2
2 50 0.01 11916.8
2 51 0.01 11906.5
2 52 0.01 11897.3
2 53 0.01 11889.2
2 54 0.01 11882.2
2 55 0.01 11876.2
2 56 0.01 11871.3
2 57 0.01 11867.5
2 58 0.01 11864.8
2 59 0.01 11863.2
2 60 0.01 11862.7
3 0 0.01 5759.99
3 3 0.01 5746.76
3 4 0.01 5726.82
3 5 0.01 5705.77
3 6 0.01 5684.11
3 7 0.01 5662.14
3 8 0.01 5640.05
3 9 0.01 5617.97
3 10 0.01 5595.99
3 11 0.01 5574.19
3 12 0.01 5552.62
3 13 0.01 5531.32
3 14 0.01 5510.32
3 15 0.01 5489.66
3 16 0.01 5469.34
3 17 0.01 5449.41
3 18 0.01 5429.86
3 19 0.01 5410.71
3 20 0.01 5391.97
3 21 0.01 5373.65
3 22 0.01 5355.76
3 23 0.01 5338.3
3 24 0.01 5321.29
3 25 0.01 5304.71
3 26 0.01 5288.59
3 27 0.01 5272.92
3 28 0.01 5257.7
3 29 0.01 5242.94
3 30 0.01 5228.64
3 31 0.01 5214.8
3 32 0.01 5201.43
3 33 0.01 5188.52
3 34 0.01 5176.08
3 35 0.01 5164.1
3 36 0.01 5152.59
3 37 0.01 5141.54
3 38 0.01 5130.97
3 39 0.01 5120.87
3 40 0.01 5111.23
3 41 0.01 5102.06
3 42 0.01 5093.37
3 43 0.01 5085.14
3 44 0.01 5077.39
3 45 0.01 5070.1
3 46 0.01 5063.29
3 47 0.01 5056.94
3 48 0.01 5051.07
3 49 0.01 5045.66
3 50 0.01 5040.73
3 51 0.01 5036.26
3 52 0.01 5032.27
3 53 0.01 5028.74
3 54 0.01 5025.69
3 55 0.01 5023.1
3 56 0.01 5020.99
3 57 0.01 5019.35
3 58 0.01 5018.17
3 59 0.01 5017.47
3 60 0.01 5017.23
4 0 0.01 3090.28
4 3 0.01 3082.94
4 4 0.01 3071.97
4 5 0.01 3060.4
4 6 0.01 3048.5
4 7 0.01 3036.42
4 8 0.01 3024.28
4 9 0.01 3012.15
4 10 0.01 3000.07
4 11 0.01 2988.1
4 12 0.01 2976.25
4 13 0.01 2964.54
4 14 0.01 2953.01
4 15 0.01 2941.66
4 16 0.01 2930.51
4 17 0.01 2919.56
4 18 0.01 2908.82
4 19 0.01 2898.31
4 20 0.01 2888.02
4 21 0.01 2877.96
4 22 0.01 2868.14
4 23 0.01 2858.56
4 24 0.01 2849.21
4 25 0.01 2840.12
4 26 0.01 2831.27
4 27 0.01 2822.66
4 28 0.01 2814.31
4 29 0.01 2806.21
4 30 0.01 2798.36
4 31 0.01 2790.77
4 32 0.01 2783.43
4 33 0.01 2776.35
4 34 0.01 2769.52
4 35 0.01 2762.94
4 36 0.01 2756.63
4 37 0.01 2750.57
4 38 0.01 2744.77
4 39 0.01 2739.22
4 40 0.01 2733.94
4 41 0.01 2728.91
4 42 0.01 2724.14
4 43 0.01 2719.63
4 44 0.01 2715.37
4 45 0.01 2711.37
4 46 0.01 2707.64
4 47 0.01 2704.15
4 48 0.01 2700.93
4 49 0.01 2697.97
4 50 0.01 2695.26
4 51 0.01 2692.81
4 52 0.01 2690.62
4 53 0.01 2688.69
4 54 0.01 2687.01
4 55 0.01 2685.59
4 56 0.01 2684.44
4 57 0.01 2683.53
4 58 0.01 2682.89
4 59 0.01 2682.5
4 60 0.01 2682.37
5 0 0.01 1884.3
5 3 0.01 1879.67
5 4 0.01 1872.81
5 5 0.01 1865.58
5 6 0.01 1858.14
5 7 0.01 1850.59
5 8 0.01 1843
5 9 0.01 1835.42
5 10 0.01 1827.88
5 11 0.01 1820.4
5 12 0.01 1812.99
5 13 0.01 1805.68
5 14 0.01 1798.48
5 15 0.01 1791.39
5 16 0.01 1784.43
5 17 0.01 1777.59
5 18 0.01 1770.89
5 19 0.01 1764.32
5 20 0.01 1757.9
5 21 0.01 1751.62
5 22 0.01 1745.48
5 23 0.01 1739.5
5 24 0.01 1733.67
5 25 0.01 1727.99
5 26 0.01 1722.47
5 27 0.01 1717.1
5 28 0.01 1711.89
5 29 0.01 1706.83
5 30 0.01 1701.93
5 31 0.01 1697.19
5 32 0.01 1692.61
5 33 0.01 1688.19
5 34 0.01 1683.93
5 35 0.01 1679.83
5 36 0.01 1675.89
5 37 0.01 1672.11
5 38 0.01 1668.49
5 39 0.01 1665.03
5 40 0.01 1661.74
5 41 0.01 1658.6
5 42 0.01 1655.62
5 43 0.01 1652.81
5 44 0.01 1650.15
5 45 0.01 1647.66
5 46 0.01 1645.33
5 47 0.01 1643.16
5 48 0.01 1641.15
5 49 0.01 1639.3
5 50 0.01 1637.61
5 51 0.01 1636.08
5 52 0.01 1634.72
5 53 0.01 1633.51
5 54 0.01 1632.47
5 55 0.01 1631.58
5 56 0.01 1630.86
5 57 0.01 1630.3
5 58 0.01 1629.89
5 59 0.01 1629.65
5 60 0.01 1629.57
6 0 0.01 1245.25
6 3 0.01 1242.08
6 4 0.01 1237.43
6 5 0.01 1232.53
6 6 0.01 1227.48
6 7 0.01 1222.37
6 8 0.01 1217.23
6 9 0.01 1212.09
6 10 0.01 1206.98
6 11 0.01 1201.91
6 12 0.01 1196.9
6 13 0.01 1191.94
6 14 0.01 1187.07
6 15 0.01 1182.26
6 16 0.01 1177.55
6 17 0.01 1172.92
6 18 0.01 1168.38
6 19 0.01 1163.93
6 20 0.01 1159.58
6 21 0.01 1155.33
6 22 0.01 1151.18
6 23 0.01 1147.13
6 24 0.01 1143.18
6 25 0.01 1139.34
6 26 0.01 1135.6
6 27 0.01 1131.97
6 28 0.01 1128.44
6 29 0.01 1125.02
6 30 0.01 1121.7
6 31 0.01 1118.5
6 32 0.01 1115.4
6 33 0.01 1112.41
6 34 0.01 1109.52
6 35 0.01 1106.75
6 36 0.01 1104.08
6 37 0.01 1101.53
6 38 0.01 1099.08
6 39 0.01 1096.74
6 40 0.01 1094.51
6 41 0.01 1092.38
6 42 0.01 1090.37
6 43 0.01 1088.47
6 44 0.01 1086.67
6 45 0.01 1084.99
6 46 0.01 1083.41
6 47 0.01 1081.94
6 48 0.01 1080.58
6 49 0.01 1079.33
6 50 0.01 1078.19
6 51 0.01 1077.16
6 52 0.01 1076.23
6 53 0.01 1075.42
6 54 0.01 1074.71
6 55 0.01 1074.11
6 56 0.01 1073.62
6 57 0.01 1073.24
6 58 0.01 1072.97
6 59 0.01 1072.81
6 60 0.01 1072.75
7 0 0.01 869.577
7 3 0.01 867.279
7 4 0.01 863.945
7 5 0.01 860.429
7 6 0.01 856.815
7 7 0.01 853.15
7 8 0.01 849.466
7 9 0.01 845.786
7 10 0.01 842.124
7 11 0.01 838.493
7 12 0.01 834.901
7 13 0.01 831.355
7 14 0.01 827.861
7 15 0.01 824.423
7 16 0.01 821.045
7 17 0.01 817.73
7 18 0.01 814.48
7 19 0.01 811.298
7 20 0.01 808.184
7 21 0.01 805.141
7 22 0.01 802.17
7 23 0.01 799.271
7 24 0.01 796.446
7 25 0.01 793.696
7 26 0.01 791.02
7 27 0.01 788.42
7 28 0.01 785.896
7 29 0.01 783.448
7 30 0.01 781.077
7 31 0.01 778.783
7 32 0.01 776.566
7 33 0.01 774.426
7 34 0.01 772.364
7 35 0.01 770.379
7 36 0.01 768.472
7 37 0.01 766.643
7 38 0.01 764.892
7 39 0.01 763.218
7 40 0.01 761.623
7 41 0.01 760.105
7 42 0.01 758.666
7 43 0.01 757.304
7 44 0.01 756.02
7 45 0.01 754.815
7 46 0.01 753.687
7 47 0.01 752.637
7 48 0.01 751.665
7 49 0.01 750.771
7 50 0.01 749.954
7 51 0.01 749.216
7 52 0.01 748.555
7 53 0.01 747.972
7 54 0.01 747.467
7 55 0.01 747.039
7 56 0.01 746.69
7 57 0.01 746.418
7 58 0.01 746.223
7 59 0.01 746.107
7 60 0.01 746.068
8 0 0.01 632
8 3 0.01 630.265
8 4 0.01 627.775
8 5 0.01 625.151
8 6 0.01 622.453
8 7 0.01 619.718
8 8 0.01 616.969
8 9 0.01 614.223
8 10 0.01 611.491
8 11 0.01 608.782
8 12 0.01 606.103
8 13 0.01 603.458
8 14 0.01 600.852
8 15 0.01 598.289
8 16 0.01 595.77
8 17 0.01 593.298
8 18 0.01 590.875
8 19 0.01 588.502
8 20 0.01 586.181
8 21 0.01 583.913
8 22 0.01 581.698
8 23 0.01 579.538
8 24 0.01 577.432
8 25 0.01 575.382
8 26 0.01 573.388
8 27 0.01 571.451
8 28 0.01 569.57
8 29 0.01 567.746
8 30 0.01 565.98
8 31 0.01 564.27
8 32 0.01 562.619
8 33 0.01 561.025
8 34 0.01 559.489
8 35 0.01 558.01
8 36 0.01 556.59
8 37 0.01 555.227
8 38 0.01 553.923
8 39 0.01 552.677
8 40 0.01 551.489
8 41 0.01 550.358
8 42 0.01 549.286
8 43 0.01 548.272
8 44 0.01 547.317
8 45 0.01 546.419
8 46 0.01 545.579
8 47 0.01 544.797
8 48 0.01 544.073
8 49 0.01 543.408
8 50 0.01 542.8
8 51 0.01 542.25
8 52 0.01 541.758
8 53 0.01 541.324
8 54 0.01 540.948
8 55 0.01 540.63
8 56 0.01 540.369
8 57 0.01 540.167
8 58 0.01 540.022
8 59 0.01 539.935
8 60 0.01 539.906
9 0 0.01 473.399
9 3 0.01 472.047
9 4 0.01 470.13
9 5 0.01 468.109
9 6 0.01 466.032
9 7 0.01 463.926
9 8 0.01 461.811
9 9 0.01 459.698
9 10 0.01 457.596
9 11 0.01 455.512
9 12 0.01 453.451
9 13 0.01 451.417
9 14 0.01 449.412
9 15 0.01 447.441
9 16 0.01 445.504
9 17 0.01 443.603
9 18 0.01 441.74
9 19 0.01 439.916
9 20 0.01 438.131
9 21 0.01 436.388
9 22 0.01 434.685
9 23 0.01 433.025
9 24 0.01 431.407
9 25 0.01 429.831
9 26 0.01 428.299
9 27 0.01 426.81
9 28 0.01 425.365
9 29 0.01 423.963
9 30 0.01 422.606
9 31 0.01 421.293
9 32 0.01 420.024
9 33 0.01 418.8
9 34 0.01 417.62
9 35 0.01 416.484
9 36 0.01 415.393
9 37 0.01 414.347
9 38 0.01 413.345
9 39 0.01 412.388
9 40 0.01 411.475
9 41 0.01 410.607
9 42 0.01 409.784
9 43 0.01 409.005
9 44 0.01 408.271
9 45 0.01 407.582
9 46 0.01 406.937
9 47 0.01 406.337
9 48 0.01 405.781
9 49 0.01 405.27
9 50 0.01 404.803
9 51 0.01 404.381
9 52 0.01 404.003
9 53 0.01 403.67
9 54 0.01 403.381
9 55 0.01 403.137
9 56 0.01 402.937
9 57 0.01 402.782
9 58 0.01 402.671
9 59 0.01 402.604
9 60 0.01 402.582
10 0 0.01 363.012
10 3 0.01 361.932
10 4 0.01 360.419
10 5 0.01 358.825
10 6 0.01 357.187
10 7 0.01 355.527
10 8 0.01 353.859
10 9 0.01 352.193
10 10 0.01 350.536
10 11 0.01 348.894
10 12 0.01 347.27
10 13 0.01 345.667
10 14 0.01 344.088
10 15 0.01 342.534
10 16 0.01 341.008
10 17 0.01 339.511
10 18 0.01 338.044
10 19 0.01 336.607
10 20 0.01 335.202
10 21 0.01 333.829
10 22 0.01 332.488
10 23 0.01 331.181
10 24 0.01 329.907
10 25 0.01 328.667
10 26 0.01 327.46
10 27 0.01 326.288
10 28 0.01 325.151
10 29 0.01 324.048
10 30 0.01 322.98
10 31 0.01 321.946
10 32 0.01 320.948
10 33 0.01 319.984
10 34 0.01 319.056
10 35 0.01 318.162
10 36 0.01 317.304
10 37 0.01 316.481
10 38 0.01 315.692
10 39 0.01 314.939
10 40 0.01 314.222
10 41 0.01 313.539
10 42 0.01 312.891
10 43 0.01 312.279
10 44 0.01 311.702
10 45 0.01 311.159
10 46 0.01 310.652
10 47 0.01 310.18
10 48 0.01 309.743
10 49 0.01 309.341
10 50 0.01 308.974
10 51 0.01 308.642
10 52 0.01 308.345
10 53 0.01 308.083
10 54 0.01 307.856
10 55 0.01 307.664
10 56 0.01 307.507
10 57 0.01 307.384
10 58 0.01 307.297
10 59 0.01 307.245
10 60 0.01 307.227
11 0 0.01 283.601
11 3 0.01 282.72
11 4 0.01 281.503
11 5 0.01 280.221
11 6 0.01 278.904
11 7 0.01 277.569
11 8 0.01 276.228
11 9 0.01 274.89
11 10 0.01 273.558
11 11 0.01 272.238
11 12 0.01 270.933
11 13 0.01 269.646
11 14 0.01 268.377
11 15 0.01 267.13
11 16 0.01 265.904
11 17 0.01 264.702
11 18 0.01 263.523
11 19 0.01 262.37
11 20 0.01 261.242
11 21 0.01 260.139
11 22 0.01 259.063
11 23 0.01 258.014
11 24 0.01 256.991
11 25 0.01 255.996
11 26 0.01 255.028
11 27 0.01 254.087
11 28 0.01 253.174
11 29 0.01 252.29
11 30 0.01 251.432
11 31 0.01 250.603
11 32 0.01 249.802
11 33 0.01 249.029
11 34 0.01 248.284
11 35 0.01 247.568
11 36 0.01 246.879
11 37 0.01 246.219
11 38 0.01 245.587
11 39 0.01 244.983
11 40 0.01 244.407
11 41 0.01 243.86
11 42 0.01 243.341
11 43 0.01 242.85
11 44 0.01 242.387
11 45 0.01 241.952
11 46 0.01 241.545
11 47 0.01 241.167
11 48 0.01 240.816
11 49 0.01 240.494
11 50 0.01 240.2
11 51 0.01 239.934
11 52 0.01 239.695
11 53 0.01 239.485
11 54 0.01 239.303
11 55 0.01 239.149
11 56 0.01 239.023
11 57 0.01 238.925
11 58 0.01 238.855
11 59 0.01 238.813
11 60 0.01 238.799
12 0 0.01 224.922
12 3 0.01 224.192
12 4 0.01 223.197
12 5 0.01 222.149
12 6 0.01 221.073
12 7 0.01 219.983
12 8 0.01 218.888
12 9 0.01 217.795
12 10 0.01 216.708
12 11 0.01 215.631
12 12 0.01 214.565
12 13 0.01 213.514
12 14 0.01 212.479
12 15 0.01 211.461
12 16 0.01 210.461
12 17 0.01 209.481
12 18 0.01 208.519
12 19 0.01 207.578
12 20 0.01 206.658
12 21 0.01 205.759
12 22 0.01 204.882
12 23 0.01 204.026
12 24 0.01 203.192
12 25 0.01 202.381
12 26 0.01 201.591
12 27 0.01 200.825
12 28 0.01 200.081
12 29 0.01 199.359
12 30 0.01 198.661
12 31 0.01 197.985
12 32 0.01 197.332
12 33 0.01 196.702
12 34 0.01 196.095
12 35 0.01 195.511
12 36 0.01 194.951
12 37 0.01 194.413
12 38 0.01 193.898
12 39 0.01 193.406
12 40 0.01 192.937
12 41 0.01 192.491
12 42 0.01 192.068
12 43 0.01 191.668
12 44 0.01 191.291
12 45 0.01 190.937
12 46 0.01 190.605
12 47 0.01 190.297
12 48 0.01 190.012
12 49 0.01 189.749
12 50 0.01 189.51
12 51 0.01 189.293
12 52 0.01 189.099
12 53 0.01 188.928
12 54 0.01 188.78
12 55 0.01 188.654
12 56 0.01 188.552
12 57 0.01 188.472
12 58 0.01 188.415
12 59 0.01 188.381
12 60 0.01 188.369
13 0 0.01 180.594
13 3 0.01 179.98
13 4 0.01 179.156
13 5 0.01 178.288
13 6 0.01 177.398
13 7 0.01 176.496
13 8 0.01 175.59
13 9 0.01 174.685
13 10 0.01 173.786
13 11 0.01 172.895
13 12 0.01 172.014
13 13 0.01 171.145
13 14 0.01 170.289
13 15 0.01 169.448
13 16 0.01 168.621
13 17 0.01 167.811
13 18 0.01 167.016
13 19 0.01 166.239
13 20 0.01 165.478
13 21 0.01 164.735
13 22 0.01 164.01
13 23 0.01 163.303
13 24 0.01 162.615
13 25 0.01 161.944
13 26 0.01 161.293
13 27 0.01 160.659
13 28 0.01 160.045
13 29 0.01 159.449
13 30 0.01 158.872
13 31 0.01 158.315
13 32 0.01 157.776
13 33 0.01 157.256
13 34 0.01 156.755
13 35 0.01 156.273
13 36 0.01 155.81
13 37 0.01 155.366
13 38 0.01 154.941
13 39 0.01 154.535
13 40 0.01 154.148
13 41 0.01 153.78
13 42 0.01 153.431
13 43 0.01 153.1
13 44 0.01 152.789
13 45 0.01 152.497
13 46 0.01 152.224
13 47 0.01 151.97
13 48 0.01 151.734
13 49 0.01 151.518
13 50 0.01 151.32
13 51 0.01 151.141
13 52 0.01 150.981
13 53 0.01 150.84
13 54 0.01 150.718
13 55 0.01 150.614
13 56 0.01 150.53
13 57 0.01 150.464
13 58 0.01 150.417
13 59 0.01 150.389
13 60 0.01 150.379
14 0 0.01 146.482
14 3 0.01 145.96
14 4 0.01 145.27
14 5 0.01 144.544
14 6 0.01 143.798
14 7 0.01 143.043
14 8 0.01 142.286
14 9 0.01 141.529
14 10 0.01 140.777
14 11 0.01 140.032
14 12 0.01 139.296
14 13 0.01 138.569
14 14 0.01 137.854
14 15 0.01 137.15
14 16 0.01 136.459
14 17 0.01 135.782
14 18 0.01 135.118
14 19 0.01 134.469
14 20 0.01 133.833
14 21 0.01 133.213
14 22 0.01 132.607
14 23 0.01 132.017
14 24 0.01 131.442
14 25 0.01 130.882
14 26 0.01 130.338
14 27 0.01 129.809
14 28 0.01 129.296
14 29 0.01 128.799
14 30 0.01 128.317
14 31 0.01 127.852
14 32 0.01 127.402
14 33 0.01 126.968
14 34 0.01 126.55
14 35 0.01 126.148
14 36 0.01 125.761
14 37 0.01 125.391
14 38 0.01 125.036
14 39 0.01 124.698
14 40 0.01 124.375
14 41 0.01 124.068
14 42 0.01 123.777
14 43 0.01 123.501
14 44 0.01 123.242
14 45 0.01 122.998
14 46 0.01 122.77
14 47 0.01 122.558
14 48 0.01 122.362
14 49 0.01 122.181
14 50 0.01 122.016
14 51 0.01 121.867
14 52 0.01 121.734
14 53 0.01 121.616
14 54 0.01 121.514
14 55 0.01 121.428
14 56 0.01 121.357
14 57 0.01 121.303
14 58 0.01 121.263
14 59 0.01 121.24
14 60 0.01 121.232
15 0 0.01 119.819
15 3 0.01 119.37
15 4 0.01 118.787
15 5 0.01 118.173
15 6 0.01 117.543
15 7 0.01 116.906
15 8 0.01 116.266
15 9 0.01 115.627
15 10 0.01 114.992
15 11 0.01 114.364
15 12 0.01 113.742
15 13 0.01 113.129
15 14 0.01 112.525
15 15 0.01 111.932
15 16 0.01 111.349
15 17 0.01 110.778
15 18 0.01 110.218
15 19 0.01 109.67
15 20 0.01 109.135
15 21 0.01 108.612
15 22 0.01 108.101
15 23 0.01 107.604
15 24 0.01 107.119
15 25 0.01 106.647
15 26 0.01 106.189
15 27 0.01 105.743
15 28 0.01 105.311
15 29 0.01 104.892
15 30 0.01 104.486
15 31 0.01 104.094
15 32 0.01 103.715
15 33 0.01 103.35
15 34 0.01 102.998
15 35 0.01 102.659
15 36 0.01 102.334
15 37 0.01 102.022
15 38 0.01 101.723
15 39 0.01 101.438
15 40 0.01 101.166
15 41 0.01 100.908
15 42 0.01 100.663
15 43 0.01 100.431
15 44 0.01 100.213
15 45 0.01 100.007
15 46 0.01 99.8157
15 47 0.01 99.6372
15 48 0.01 99.4719
15 49 0.01 99.32
15 50 0.01 99.1812
15 51 0.01 99.0558
15 52 0.01 98.9435
15 53 0.01 98.8445
15 54 0.01 98.7587
15 55 0.01 98.6861
15 56 0.01 98.6268
15 57 0.01 98.5806
15 58 0.01 98.5476
15 59 0.01 98.5278
15 60 0.01 98.5212
16 3 0.01 98.3086
16 4 0.01 97.8112
16 5 0.01 97.2885
16 6 0.01 96.7522
16 7 0.01 96.2095
16 8 0.01 95.6648
16 9 0.01 95.1213
16 10 0.01 94.5812
16 11 0.01 94.0462
16 12 0.01 93.5176
16 13 0.01 92.9962
16 14 0.01 92.483
16 15 0.01 91.9785
16 16 0.01 91.4831
16 17 0.01 90.9974
16 18 0.01 90.5217
16 19 0.01 90.0561
16 20 0.01 89.601
16 21 0.01 89.1566
16 22 0.01 88.7229
16 23 0.01 88.3001
16 24 0.01 87.8884
16 25 0.01 87.4877
16 26 0.01 87.0983
16 27 0.01 86.72
16 28 0.01 86.353
16 29 0.01 85.9974
16 30 0.01 85.653
16 31 0.01 85.3201
16 32 0.01 84.9985
16 33 0.01 84.6882
16 34 0.01 84.3894
16 35 0.01 84.1019
16 36 0.01 83.8259
16 37 0.01 83.5612
16 38 0.01 83.3079
16 39 0.01 83.0659
16 40 0.01 82.8353
16 41 0.01 82.6161
16 42 0.01 82.4082
16 43 0.01 82.2116
16 44 0.01 82.0263
16 45 0.01 81.8523
16 46 0.01 81.6897
16 47 0.01 81.5383
16 48 0.01 81.3981
16 49 0.01 81.2692
16 50 0.01 81.1516
16 51 0.01 81.0452
16 52 0.01 80.95
16 53 0.01 80.866
16 54 0.01 80.7933
16 55 0.01 80.7317
16 56 0.01 80.6814
16 57 0.01 80.6422
16 58 0.01 80.6143
16 59 0.01 80.5975
16 60 0.01 80.5919
17 5 0.01 80.5581
17 6 0.01 80.0983
17 7 0.01 79.6331
17 8 0.01 79.1663
17 9 0.01 78.7007
17 10 0.01 78.2381
17 11 0.01 77.7799
17 12 0.01 77.3272
17 13 0.01 76.8808
17 14 0.01 76.4414
17 15 0.01 76.0096
17 16 0.01 75.5856
17 17 0.01 75.17
17 18 0.01 74.7629
17 19 0.01 74.3646
17 20 0.01 73.9753
17 21 0.01 73.5952
17 22 0.01 73.2243
17 23 0.01 72.8627
17 24 0.01 72.5106
17 25 0.01 72.1681
17 26 0.01 71.8351
17 27 0.01 71.5118
17 28 0.01 71.1981
17 29 0.01 70.8942
17 30 0.01 70.5999
17 31 0.01 70.3154
17 32 0.01 70.0406
17 33 0.01 69.7755
17 34 0.01 69.5202
17 35 0.01 69.2746
17 36 0.01 69.0388
17 37 0.01 68.8127
17 38 0.01 68.5964
17 39 0.01 68.3898
17 40 0.01 68.1928
17 41 0.01 68.0056
17 42 0.01 67.8281
17 43 0.01 67.6602
17 44 0.01 67.5021
17 45 0.01 67.3535
17 46 0.01 67.2146
17 47 0.01 67.0854
17 48 0.01 66.9657
17 49 0.01 66.8557
17 50 0.01 66.7553
17 51 0.01 66.6645
17 52 0.01 66.5832
17 53 0.01 66.5116
17 54 0.01 66.4495
17 55 0.01 66.397
17 56 0.01 66.354
17 57 0.01 66.3206
17 58 0.01 66.2967
17 59 0.01 66.2824
17 60 0.01 66.2776
18 7 0.01 66.2248
18 8 0.01 65.8225
18 9 0.01 65.4212
18 10 0.01 65.0226
18 11 0.01 64.6279
18 12 0.01 64.238
18 13 0.01 63.8536
18 14 0.01 63.4753
18 15 0.01 63.1035
18 16 0.01 62.7386
18 17 0.01 62.3809
18 18 0.01 62.0306
18 19 0.01 61.6879
18 20 0.01 61.353
18 21 0.01 61.026
18 22 0.01 60.7069
18 23 0.01 60.396
18 24 0.01 60.0933
18 25 0.01 59.7987
18 26 0.01 59.5125
18 27 0.01 59.2345
18 28 0.01 58.9649
18 29 0.01 58.7036
18 30 0.01 58.4507
18 31 0.01 58.2062
18 32 0.01 57.9701
18 33 0.01 57.7424
18 34 0.01 57.523
18 35 0.01 57.3121
18 36 0.01 57.1095
18 37 0.01 56.9153
18 38 0.01 56.7295
18 39 0.01 56.5521
18 40 0.01 56.383
18 41 0.01 56.2222
18 42 0.01 56.0698
18 43 0.01 55.9256
18 44 0.01 55.7898
18 45 0.01 55.6623
18 46 0.01 55.5431
18 47 0.01 55.4321
18 48 0.01 55.3294
18 49 0.01 55.235
18 50 0.01 55.1488
18 51 0.01 55.0708
18 52 0.01 55.0011
18 53 0.01 54.9396
18 54 0.01 54.8863
18 55 0.01 54.8412
18 56 0.01 54.8044
18 57 0.01 54.7757
18 58 0.01 54.7552
18 59 0.01 54.7429
18 60 0.01 54.7388
19 9 0.01 54.5899
19 10 0.01 54.2448
19 11 0.01 53.9031
19 12 0.01 53.5656
19 13 0.01 53.233
19 14 0.01 52.9057
19 15 0.01 52.584
19 16 0.01 52.2684
19 17 0.01 51.959
19 18 0.01 51.6561
19 19 0.01 51.3598
19 20 0.01 51.0703
19 21 0.01 50.7876
19 22 0.01 50.5119
19 23 0.01 50.2432
19 24 0.01 49.9816
19 25 0.01 49.7271
19 26 0.01 49.4798
19 27 0.01 49.2397
19 28 0.01 49.0068
19 29 0.01 48.7812
19 30 0.01 48.5628
19 31 0.01 48.3517
19 32 0.01 48.1478
19 33 0.01 47.9512
19 34 0.01 47.7619
19 35 0.01 47.5798
19 36 0.01 47.405
19 37 0.01 47.2374
19 38 0.01 47.0771
19 39 0.01 46.924
19 40 0.01 46.7781
19 41 0.01 46.6394
19 42 0.01 46.5079
19 43 0.01 46.3835
19 44 0.01 46.2664
19 45 0.01 46.1564
19 46 0.01 46.0536
19 47 0.01 45.9579
19 48 0.01 45.8693
19 49 0.01 45.7879
19 50 0.01 45.7135
19 51 0.01 45.6463
19 52 0.01 45.5862
19 53 0.01 45.5332
19 54 0.01 45.4872
19 55 0.01 45.4483
19 56 0.01 45.4165
19 57 0.01 45.3918
19 58 0.01 45.3742
19 59 0.01 45.3636
19 60 0.01 45.36
20 11 0.01 45.0928
20 12 0.01 44.7995
20 13 0.01 44.5104
20 14 0.01 44.226
20 15 0.01 43.9466
20 16 0.01 43.6724
20 17 0.01 43.4037
20 18 0.01 43.1407
20 19 0.01 42.8835
20 20 0.01 42.6321
20 21 0.01 42.3868
20 22 0.01 42.1475
20 23 0.01 41.9143
20 24 0.01 41.6874
20 25 0.01 41.4666
20 26 0.01 41.2521
20 27 0.01 41.0439
20 28 0.01 40.8419
20 29 0.01 40.6463
20 30 0.01 40.457
20 31 0.01 40.274
20 32 0.01 40.0972
20 33 0.01 39.9269
20 34 0.01 39.7628
20 35 0.01 39.605
20 36 0.01 39.4535
20 37 0.01 39.3083
20 38 0.01 39.1694
20 39 0.01 39.0368
20 40 0.01 38.9104
20 41 0.01 38.7902
20 42 0.01 38.6763
20 43 0.01 38.5687
20 44 0.01 38.4672
20 45 0.01 38.372
20 46 0.01 38.2829
20 47 0.01 38.2001
20 48 0.01 38.1234
20 49 0.01 38.0529
20 50 0.01 37.9886
20 51 0.01 37.9304
20 52 0.01 37.8783
20 53 0.01 37.8324
20 54 0.01 37.7926
20 55 0.01 37.759
20 56 0.01 37.7314
20 57 0.01 37.71
20 58 0.01 37.6948
20 59 0.01 37.6856
20 60 0.01 37.6825
21 12 0.01 37.5531
21 13 0.01 37.3009
21 14 0.01 37.053
21 15 0.01 36.8094
21 16 0.01 36.5704
21 17 0.01 36.3363
21 18 0.01 36.1071
21 19 0.01 35.883
21 20 0.01 35.664
21 21 0.01 35.4503
21 22 0.01 35.242
21 23 0.01 35.039
21 24 0.01 34.8414
21 25 0.01 34.6492
21 26 0.01 34.4625
21 27 0.01 34.2813
21 28 0.01 34.1056
21 29 0.01 33.9354
21 30 0.01 33.7707
21 31 0.01 33.6115
21 32 0.01 33.4578
21 33 0.01 33.3096
21 34 0.01 33.167
21 35 0.01 33.0298
21 36 0.01 32.8981
21 37 0.01 32.7719
21 38 0.01 32.6511
21 39 0.01 32.5359
21 40 0.01 32.426
21 41 0.01 32.3216
21 42 0.01 32.2227
21 43 0.01 32.1291
21 44 0.01 32.041
21 45 0.01 31.9582
21 46 0.01 31.8809
21 47 0.01 31.8089
21 48 0.01 31.7423
21 49 0.01 31.6811
21 50 0.01 31.6252
21 51 0.01 31.5746
21 52 0.01 31.5294
21 53 0.01 31.4896
21 54 0.01 31.455
21 55 0.01 31.4258
21 56 0.01 31.4019
21 57 0.01 31.3833
21 58 0.01 31.37
21 59 0.01 31.3621
21 60 0.01 31.3594
22 13 0.01 31.3095
22 14 0.01 31.0926
22 15 0.01 30.8796
22 16 0.01 30.6707
22 17 0.01 30.4661
22 18 0.01 30.2658
22 19 0.01 30.07
22 20 0.01 29.8787
22 21 0.01 29.6921
22 22 0.01 29.5101
22 23 0.01 29.3329
22 24 0.01 29.1604
22 25 0.01 28.9927
22 26 0.01 28.8297
22 27 0.01 28.6716
22 28 0.01 28.5183
22 29 0.01 28.3698
22 30 0.01 28.2261
22 31 0.01 28.0873
22 32 0.01 27.9532
22 33 0.01 27.824
22 34 0.01 27.6996
22 35 0.01 27.58
22 36 0.01 27.4653
22 37 0.01 27.3552
22 38 0.01 27.25
22 39 0.01 27.1495
22 40 0.01 27.0538
22 41 0.01 26.9629
22 42 0.01 26.8767
22 43 0.01 26.7952
22 44 0.01 26.7184
22 45 0.01 26.6463
22 46 0.01 26.5789
22 47 0.01 26.5163
22 48 0.01 26.4583
22 49 0.01 26.4049
22 50 0.01 26.3563
22 51 0.01 26.3122
22 52 0.01 26.2729
22 53 0.01 26.2382
22 54 0.01 26.2081
22 55 0.01 26.1827
22 56 0.01 26.1619
22 57 0.01 26.1457
22 58 0.01 26.1341
22 59 0.01 26.1272
22 60 0.01 26.1249
23 14 0.01 26.1168
23 15 0.01 25.9302
23 16 0.01 25.7471
23 17 0.01 25.5678
23 18 0.01 25.3924
23 19 0.01 25.2209
23 20 0.01 25.0534
23 21 0.01 24.8901
23 22 0.01 24.7308
23 23 0.01 24.5757
23 24 0.01 24.4247
23 25 0.01 24.278
23 26 0.01 24.1355
23 27 0.01 23.9972
23 28 0.01 23.8631
23 29 0.01 23.7333
23 30 0.01 23.6077
23 31 0.01 23.4863
23 32 0.01 23.3692
23 33 0.01 23.2563
23 34 0.01 23.1476
23 35 0.01 23.0431
23 36 0.01 22.9428
23 37 0.01 22.8468
23 38 0.01 22.7549
23 39 0.01 22.6671
23 40 0.01 22.5836
23 41 0.01 22.5041
23 42 0.01 22.4289
23 43 0.01 22.3577
23 44 0.01 22.2907
23 45 0.01 22.2278
23 46 0.01 22.169
23 47 0.01 22.1143
23 48 0.01 22.0637
23 49 0.01 22.0172
23 50 0.01 21.9747
23 51 0.01 21.9363
23 52 0.01 21.9019
23 53 0.01 21.8717
23 54 0.01 21.8454
23 55 0.01 21.8232
23 56 0.01 21.8051
23 57 0.01 21.791
23 58 0.01 21.7809
23 59 0.01 21.7748
23 60 0.01 21.7728
24 16 0.01 21.6221
24 17 0.01 21.4647
24 18 0.01 21.3108
24 19 0.01 21.1603
24 20 0.01 21.0134
24 21 0.01 20.8701
24 22 0.01 20.7305
24 23 0.01 20.5945
24 24 0.01 20.4622
24 25 0.01 20.3336
24 26 0.01 20.2088
24 27 0.01 20.0876
24 28 0.01 19.9702
24 29 0.01 19.8565
24 30 0.01 19.7465
24 31 0.01 19.6402
24 32 0.01 19.5377
24 33 0.01 19.4389
24 34 0.01 19.3438
24 35 0.01 19.2524
24 36 0.01 19.1646
24 37 0.01 19.0806
24 38 0.01 19.0002
24 39 0.01 18.9234
24 40 0.01 18.8504
24 41 0.01 18.7809
24 42 0.01 18.7151
24 43 0.01 18.6529
24 44 0.01 18.5943
24 45 0.01 18.5393
24 46 0.01 18.4879
24 47 0.01 18.4401
24 48 0.01 18.3959
24 49 0.01 18.3552
24 50 0.01 18.3181
24 51 0.01 18.2846
24 52 0.01 18.2546
24 53 0.01 18.2281
24 54 0.01 18.2052
24 55 0.01 18.1858
24 56 0.01 18.1699
24 57 0.01 18.1576
24 58 0.01 18.1488
24 59 0.01 18.1435
24 60 0.01 18.1418
25 17 0.01 18.0167
25 18 0.01 17.8815
25 19 0.01 17.7493
25 20 0.01 17.6203
25 21 0.01 17.4945
25 22 0.01 17.3719
25 23 0.01 17.2525
25 24 0.01 17.1364
25 25 0.01 17.0236
25 26 0.01 16.9141
25 27 0.01 16.8078
25 28 0.01 16.7048
25 29 0.01 16.6052
25 30 0.01 16.5088
25 31 0.01 16.4156
25 32 0.01 16.3258
25 33 0.01 16.2392
25 34 0.01 16.1559
25 35 0.01 16.0758
25 36 0.01 15.9989
25 37 0.01 15.9253
25 38 0.01 15.8549
25 39 0.01 15.7878
25 40 0.01 15.7238
25 41 0.01 15.663
25 42 0.01 15.6054
25 43 0.01 15.551
25 44 0.01 15.4997
25 45 0.01 15.4516
25 46 0.01 15.4067
25 47 0.01 15.3648
25 48 0.01 15.3261
25 49 0.01 15.2906
25 50 0.01 15.2581
25 51 0.01 15.2288
25 52 0.01 15.2025
25 53 0.01 15.1794
25 54 0.01 15.1594
25 55 0.01 15.1424
25 56 0.01 15.1285
25 57 0.01 15.1178
25 58 0.01 15.1101
25 59 0.01 15.1054
25 60 0.01 15.1039
26 19 0.01 14.8769
26 20 0.01 14.7635
26 21 0.01 14.653
26 22 0.01 14.5453
26 23 0.01 14.4404
26 24 0.01 14.3385
26 25 0.01 14.2394
26 26 0.01 14.1432
26 27 0.01 14.05
26 28 0.01 13.9596
26 29 0.01 13.8722
26 30 0.01 13.7876
26 31 0.01 13.7059
26 32 0.01 13.6272
26 33 0.01 13.5513
26 34 0.01 13.4782
26 35 0.01 13.408
26 36 0.01 13.3407
26 37 0.01 13.2762
26 38 0.01 13.2146
26 39 0.01 13.1557
26 40 0.01 13.0997
26 41 0.01 13.0465
26 42 0.01 12.996
26 43 0.01 12.9484
26 44 0.01 12.9035
26 45 0.01 12.8614
26 46 0.01 12.8221
26 47 0.01 12.7855
26 48 0.01 12.7516
26 49 0.01 12.7205
26 50 0.01 12.6921
26 51 0.01 12.6664
26 52 0.01 12.6435
26 53 0.01 12.6232
26 54 0.01 12.6057
26 55 0.01 12.5909
26 56 0.01 12.5787
26 57 0.01 12.5693
26 58 0.01 12.5626
26 59 0.01 12.5585
26 60 0.01 12.5572
27 19 0.11 12.5565
27 20 0.11 12.4589
27 21 0.11 12.3638
27 22 0.11 12.2711
27 23 0.11 12.1809
27 24 0.11 12.0932
27 25 0.11 12.0081
27 26 0.01 11.8091
27 27 0.01 11.7273
27 28 0.01 11.648
27 29 0.01 11.5712
27 30 0.01 11.4971
27 31 0.01 11.4254
27 32 0.01 11.3564
27 33 0.01 11.2898
27 34 0.01 11.2258
27 35 0.01 11.1643
27 36 0.01 11.1053
27 37 0.01 11.0488
27 38 0.01 10.9948
27 39 0.01 10.9433
27 40 0.01 10.8942
27 41 0.01 10.8476
27 42 0.01 10.8035
27 43 0.01 10.7617
27 44 0.01 10.7225
27 45 0.01 10.6856
27 46 0.01 10.6512
27 47 0.01 10.6192
27 48 0.01 10.5896
27 49 0.01 10.5623
27 50 0.01 10.5375
27 51 0.01 10.5151
27 52 0.01 10.495
27 53 0.01 10.4773
27 54 0.01 10.4619
27 55 0.01 10.449
27 56 0.01 10.4384
27 57 0.01 10.4301
27 58 0.01 10.4242
27 59 0.01 10.4207
27 60 0.01 10.4195
28 20 0.11 10.4108
28 21 0.11 10.3272
28 22 0.11 10.2457
28 23 0.11 10.1664
28 24 0.11 10.0894
28 25 0.11 10.0146
28 26 0.11 9.94197
28 27 0.11 9.87161
28 28 0.11 9.80347
28 29 0.11 9.73755
28 30 0.11 9.67384
28 31 0.11 9.61233
28 32 0.01 9.44399
28 33 0.01 9.38568
28 34 0.01 9.3296
28 35 0.01 9.27573
28 36 0.01 9.22407
28 37 0.01 9.17461
28 38 0.01 9.12733
28 39 0.01 9.08223
28 40 0.01 9.0393
28 41 0.01 8.99853
28 42 0.01 8.95992
28 43 0.01 8.92344
28 44 0.01 8.88909
28 45 0.01 8.85687
28 46 0.01 8.82677
28 47 0.01 8.79878
28 48 0.01 8.77289
28 49 0.01 8.74909
28 50 0.01 8.72739
28 51 0.01 8.70777
28 52 0.01 8.69023
28 53 0.01 8.67476
28 54 0.01 8.66137
28 55 0.01 8.65004
28 56 0.01 8.64077
28 57 0.01 8.63357
28 58 0.01 8.62843
28 59 0.01 8.62534
28 60 0.01 8.62431
29 21 0.11 8.60625
29 22 0.11 8.53465
29 23 0.11 8.46503
29 24 0.11 8.39737
29 25 0.11 8.33169
29 26 0.11 8.26798
29 27 0.11 8.20624
29 28 0.11 8.14647
29 29 0.11 8.08865
29 30 0.11 8.03279
29 31 0.11 7.97888
29 32 0.11 7.92691
29 33 0.11 7.87686
29 34 0.11 7.82874
29 35 0.11 7.78253
29 36 0.11 7.73822
29 37 0.11 7.69581
29 38 0.01 7.55638
29 39 0.01 7.51696
29 40 0.01 7.47945
29 41 0.01 7.44383
29 42 0.01 7.41009
29 43 0.01 7.37823
29 44 0.01 7.34824
29 45 0.01 7.32011
29 46 0.01 7.29382
29 47 0.01 7.26939
29 48 0.01 7.24679
29 49 0.01 7.22602
29 50 0.01 7.20708
29 51 0.01 7.18997
29 52 0.01 7.17466
29 53 0.01 7.16117
29 54 0.01 7.14948
29 55 0.01 7.1396
29 56 0.01 7.13152
29 57 0.01 7.12524
29 58 0.01 7.12075
29 59 0.01 7.11806
29 60 0.01 7.11716
30 22 0.11 7.08969
30 23 0.11 7.0286
30 24 0.11 6.96926
30 25 0.11 6.91167
30 26 0.11 6.85582
30 27 0.11 6.80172
30 28 0.11 6.74935
30 29 0.11 6.69872
30 30 0.11 6.64981
30 31 0.11 6.60262
30 32 0.11 6.55714
30 33 0.11 6.51336
30 34 0.11 6.47127
30 35 0.11 6.43086
30 36 0.11 6.39212
30 37 0.11 6.35505
30 38 0.11 6.31964
30 39 0.11 6.28587
30 40 0.11 6.25373
30 41 0.11 6.22323
30 42 0.11 6.19434
30 43 0.11 6.16706
30 44 0.01 6.05461
30 45 0.01 6.03009
30 46 0.01 6.0072
30 47 0.01 5.98592
30 48 0.01 5.96623
30 49 0.01 5.94815
30 50 0.01 5.93166
30 51 0.01 5.91676
30 52 0.01 5.90343
30 53 0.01 5.89169
30 54 0.01 5.88152
30 55 0.01 5.87292
30 56 0.01 5.86589
30 57 0.01 5.86042
30 58 0.01 5.85651
30 59 0.01 5.85417
30 60 0.01 5.85339
31 23 0.11 5.81731
31 24 0.11 5.76535
31 25 0.11 5.71495
31 26 0.11 5.66609
31 27 0.11 5.61877
31 28 0.11 5.57299
31 29 0.11 5.52873
31 30 0.11 5.486
31 31 0.11 5.44478
31 32 0.11 5.40506
31 33 0.11 5.36684
31 34 0.11 5.33011
31 35 0.11 5.29485
31 36 0.11 5.26107
31 37 0.11 5.22874
31 38 0.11 5.19786
31 39 0.11 5.16843
31 40 0.11 5.14043
31 41 0.11 5.11385
31 42 0.11 5.08869
31 43 0.11 5.06493
31 44 0.11 5.04258
31 45 0.11 5.02162
31 46 0.11 5.00205
31 47 0.11 4.98385
31 48 0.11 4.96703
31 49 0.11 4.95158
31 50 0.01 4.86398
31 51 0.01 4.85104
31 52 0.01 4.83948
31 53 0.01 4.82929
31 54 0.01 4.82047
31 55 0.01 4.81301
31 56 0.01 4.8069
31 57 0.01 4.80216
31 58 0.01 4.79878
31 59 0.01 4.79674
31 60 0.01 4.79607
32 24 0.11 4.75264
32 25 0.11 4.70864
32 26 0.11 4.66601
32 27 0.11 4.62473
32 28 0.11 4.58481
32 29 0.11 4.54624
32 30 0.11 4.50901
32 31 0.11 4.47311
32 32 0.11 4.43853
32 33 0.11 4.40526
32 34 0.11 4.3733
32 35 0.11 4.34264
32 36 0.11 4.31326
32 37 0.11 4.28515
32 38 0.11 4.25832
32 39 0.11 4.23275
32 40 0.11 4.20842
32 41 0.11 4.18534
32 42 0.11 4.1635
32 43 0.11 4.14288
32 44 0.11 4.12348
32 45 0.11 4.10529
32 46 0.11 4.08831
32 47 0.11 4.07253
32 48 0.11 4.05795
32 49 0.11 4.04455
32 50 0.11 4.03233
32 51 0.11 4.02129
32 52 0.11 4.01143
32 53 0.11 4.00273
32 54 0.11 3.9952
32 55 0.01 3.92912
32 56 0.01 3.92385
32 57 0.01 3.91975
32 58 0.01 3.91683
32 59 0.01 3.91507
32 60 0.01 3.91449
33 24 0.11 3.90353
33 25 0.11 3.86525
33 26 0.11 3.82817
33 27 0.11 3.7923
33 28 0.11 3.75762
33 29 0.11 3.72412
33 30 0.11 3.69181
33 31 0.11 3.66065
33 32 0.11 3.63066
33 33 0.11 3.60182
33 34 0.11 3.57412
33 35 0.11 3.54755
33 36 0.11 3.52211
33 37 0.11 3.49778
33 38 0.11 3.47456
33 39 0.11 3.45243
33 40 0.11 3.43139
33 41 0.11 3.41143
33 42 0.11 3.39255
33 43 0.11 3.37473
33 44 0.11 3.35797
33 45 0.11 3.34226
33 46 0.11 3.3276
33 47 0.11 3.31397
33 48 0.11 3.30138
33 49 0.11 3.28981
33 50 0.11 3.27927
33 51 0.11 3.26975
33 52 0.11 3.26124
33 53 0.11 3.25374
33 54 0.11 3.24724
33 55 0.11 3.24175
33 56 0.11 3.23726
33 57 0.11 3.23377
33 58 0.11 3.23128
33 59 0.11 3.22979
33 60 0.01 3.18301
34 25 0.11 3.16166
34 26 0.11 3.12957
34 27 0.11 3.09853
34 28 0.11 3.06855
34 29 0.11 3.0396
34 30 0.11 3.01168
34 31 0.11 2.98478
34 32 0.11 2.9589
34 33 0.11 2.93402
34 34 0.11 2.91013
34 35 0.11 2.88723
34 36 0.11 2.86531
34 37 0.11 2.84436
34 38 0.11 2.82437
34 39 0.11 2.80533
34 40 0.11 2.78723
34 41 0.11 2.77007
34 42 0.11 2.75383
34 43 0.11 2.73852
34 44 0.11 2.72412
34 45 0.11 2.71063
34 46 0.11 2.69803
34 47 0.11 2.68634
34 48 0.11 2.67553
34 49 0.11 2.66561
34 50 0.11 2.65656
34 51 0.11 2.64839
34 52 0.11 2.64109
34 53 0.11 2.63466
34 54 0.11 2.62909
34 55 0.11 2.62439
34 56 0.01 2.58697
34 57 0.01 2.58397
34 58 0.01 2.58183
34 59 0.01 2.58054
34 60 0.01 2.58011
35 25 0.11 2.5784
35 26 0.11 2.55078
35 27 0.11 2.52408
35 28 0.11 2.4983
35 29 0.11 2.47344
35 30 0.11 2.44947
35 31 0.11 2.42639
35 32 0.11 2.40419
35 33 0.11 2.38287
35 34 0.11 2.3624
35 35 0.11 2.3428
35 36 0.11 2.32404
35 37 0.11 2.30612
35 38 0.11 2.28902
35 39 0.11 2.27275
35 40 0.11 2.25729
35 41 0.11 2.24264
35 42 0.11 2.22878
35 43 0.11 2.21571
35 44 0.11 2.20343
35 45 0.11 2.19193
35 46 0.11 2.18119
35 47 0.11 2.17123
35 48 0.11 2.16202
35 49 0.11 2.15357
35 50 0.11 2.14586
35 51 0.01 2.11709
35 52 0.01 2.11089
35 53 0.01 2.10543
35 54 0.01 2.1007
35 55 0.01 2.09671
35 56 0.01 2.09344
35 57 0.01 2.09091
35 58 0.01 2.08909
35 59 0.01 2.08801
35 60 0.01 2.08765
36 26 0.11 2.07534
36 27 0.11 2.05255
36 28 0.11 2.03056
36 29 0.11 2.00936
36 30 0.11 1.98894
36 31 0.11 1.9693
36 32 0.11 1.95042
36 33 0.11 1.93229
36 34 0.11 1.91491
36 35 0.11 1.89826
36 36 0.11 1.88235
36 37 0.11 1.86715
36 38 0.11 1.85266
36 39 0.11 1.83888
36 40 0.11 1.82579
36 41 0.11 1.81339
36 42 0.11 1.80167
36 43 0.11 1.79062
36 44 0.11 1.78024
36 45 0.11 1.77053
36 46 0.01 1.75018
36 47 0.01 1.74185
36 48 0.01 1.73415
36 49 0.01 1.72709
36 50 0.01 1.72066
36 51 0.01 1.71486
36 52 0.01 1.70967
36 53 0.01 1.70511
36 54 0.01 1.70116
36 55 0.01 1.69782
36 56 0.01 1.6951
36 57 0.01 1.69298
36 58 0.01 1.69146
36 59 0.01 1.69056
36 60 0.01 1.69026
37 26 0.11 1.68925
37 27 0.11 1.66999
37 28 0.11 1.65141
37 29 0.11 1.63352
37 30 0.11 1.61631
37 31 0.11 1.59976
37 32 0.11 1.58386
37 33 0.11 1.56862
37 34 0.11 1.55401
37 35 0.11 1.54003
37 36 0.11 1.52668
37 37 0.11 1.51393
37 38 0.11 1.50179
37 39 0.11 1.49025
37 40 0.01 1.47697
37 41 0.01 1.46678
37 42 0.01 1.45716
37 43 0.01 1.4481
37 44 0.01 1.4396
37 45 0.01 1.43165
37 46 0.01 1.42423
37 47 0.01 1.41736
37 48 0.01 1.41101
37 49 0.01 1.4052
37 50 0.01 1.3999
37 51 0.01 1.39512
37 52 0.01 1.39086
37 53 0.01 1.3871
37 54 0.01 1.38385
37 55 0.01 1.38111
37 56 0.01 1.37887
37 57 0.01 1.37713
37 58 0.01 1.37588
37 59 0.01 1.37514
37 60 0.01 1.37489
38 27 0.11 1.3645
38 28 0.11 1.34901
38 28 0.21 1.34899
38 29 0.11 1.33411
38 29 0.21 1.33389
38 30 0.11 1.31978
38 30 0.21 1.31936
38 31 0.11 1.30602
38 31 0.21 1.3054
38 32 0.11 1.29283
38 32 0.21 1.29201
38 33 0.11 1.28018
38 33 0.21 1.27917
38 34 0.11 1.26808
38 34 0.21 1.26687
38 35 0.01 1.26166
38 35 0.11 1.25651
38 35 0.21 1.25511
38 36 0.01 1.25091
38 36 0.11 1.24546
38 36 0.21 1.24388
38 37 0.01 1.24068
38 37 0.11 1.23494
38 37 0.21 1.23318
38 38 0.01 1.23095
38 38 0.11 1.22492
38 38 0.21 1.22298
38 39 0.01 1.22171
38 39 0.11 1.2154
38 39 0.21 1.2133
38 40 0.01 1.21295
38 40 0.11 1.20638
38 40 0.21 1.20411
38 41 0.11 1.19784
38 41 0.21 1.19541
38 42 0.11 1.18978
38 42 0.21 1.1872
38 43 0.11 1.1822
38 43 0.21 1.17947
38 44 0.11 1.17508
38 44 0.21 1.17222
38 45 0.11 1.16842
38 45 0.21 1.16543
38 46 0.11 1.16222
38 46 0.21 1.1591
38 47 0.11 1.15647
38 47 0.21 1.15324
38 48 0.11 1.15117
38 48 0.21 1.14782
38 49 0.11 1.14631
38 49 0.21 1.14286
38 50 0.11 1.14188
38 50 0.21 1.13834
38 51 0.11 1.13789
38 51 0.21 1.13426
38 52 0.21 1.13062
38 53 0.21 1.12742
38 54 0.21 1.12465
38 55 0.21 1.12231
38 56 0.21 1.12039
38 57 0.21 1.11891
38 58 0.21 1.11785
38 59 0.21 1.11721
38 60 0.21 1.117
39 27 0.31 1.11656
39 27 0.41 1.11545
39 28 0.11 1.11319
39 28 0.21 1.10683
39 28 0.31 1.10335
39 28 0.41 1.10212
39 29 0.11 1.10098
39 29 0.21 1.09433
39 29 0.31 1.09066
39 29 0.41 1.0893
39 30 0.11 1.08927
39 30 0.21 1.08233
39 30 0.31 1.07846
39 30 0.41 1.07698
39 31 0.21 1.07081
39 31 0.31 1.06675
39 31 0.41 1.06515
39 32 0.21 1.05977
39 32 0.31 1.05552
39 32 0.41 1.05381
39 33 0.21 1.04919
39 33 0.31 1.04477
39 33 0.41 1.04295
39 34 0.21 1.03908
39 34 0.31 1.03448
39 34 0.41 1.03255
39 35 0.21 1.02942
39 35 0.31 1.02465
39 35 0.41 1.02261
39 36 0.21 1.02021
39 36 0.31 1.01527
39 36 0.41 1.01313
39 37 0.21 1.01143
39 37 0.31 1.00633
39 37 0.41 1.00409
39 37 0.51 1.00405
39 38 0.21 1.00308
39 38 0.31 0.997823
39 38 0.41 0.99549
39 38 0.51 0.995399
39 39 0.21 0.99516
39 39 0.31 0.989747
39 39 0.41 0.987321
39 39 0.51 0.987178
39 40 0.31 0.982092
39 40 0.41 0.979578
39 40 0.51 0.979385
39 41 0.31 0.974852
39 41 0.41 0.972252
39 41 0.51 0.972011
39 42 0.31 0.968021
39 42 0.41 0.965339
39 42 0.51 0.965053
39 43 0.31 0.961593
39 43 0.41 0.958833
39 43 0.51 0.958503
39 44 0.31 0.955562
39 44 0.41 0.952729
39 44 0.51 0.952357
39 45 0.31 0.949923
39 45 0.41 0.94702
39 45 0.51 0.946609
39 46 0.31 0.944671
39 46 0.41 0.941703
39 46 0.51 0.941255
39 47 0.31 0.939802
39 47 0.41 0.936772
39 47 0.51 0.936289
39 48 0.31 0.935311
39 48 0.41 0.932224
39 48 0.51 0.931709
39 49 0.31 0.931194
39 49 0.41 0.928054
39 49 0.51 0.927509
39 50 0.31 0.927448
39 50 0.41 0.924259
39 50 0.51 0.923687
39 51 0.41 0.920835
39 51 0.51 0.920239
39 52 0.41 0.91778
39 52 0.51 0.917161
39 53 0.41 0.915091
39 53 0.51 0.914453
39 54 0.41 0.912766
39 54 0.51 0.91211
39 55 0.41 0.910801
39 55 0.51 0.910131
39 56 0.41 0.909196
39 56 0.51 0.908514
39 57 0.41 0.907949
39 57 0.51 0.907258
39 58 0.41 0.90706
39 58 0.51 0.906361
39 59 0.51 0.905824
39 60 0.51 0.905645
40 28 0.51 0.903751
40 28 0.61 0.901429
40 28 0.71 0.900494
40 29 0.41 0.8972
40 29 0.51 0.893035
40 29 0.61 0.890637
40 29 0.71 0.889659
40 30 0.41 0.887033
40 30 0.51 0.88275
40 30 0.61 0.88028
40 30 0.71 0.879261
40 31 0.41 0.877286
40 31 0.51 0.87289
40 31 0.61 0.870348
40 31 0.71 0.86929
40 32 0.41 0.867951
40 32 0.51 0.863444
40 32 0.61 0.860834
40 32 0.71 0.859737
40 33 0.41 0.85902
40 33 0.51 0.854406
40 33 0.61 0.85173
40 33 0.71 0.850595
40 34 0.41 0.850485
40 34 0.51 0.845767
40 34 0.61 0.843026
40 34 0.71 0.841856
40 35 0.51 0.837519
40 35 0.61 0.834717
40 35 0.71 0.833512
40 36 0.51 0.829656
40 36 0.61 0.826794
40 36 0.71 0.825556
40 37 0.51 0.822169
40 37 0.61 0.81925
40 37 0.71 0.817979
40 38 0.51 0.815052
40 38 0.61 0.812078
40 38 0.71 0.810777
40 39 0.51 0.808299
40 39 0.61 0.805272
40 39 0.71 0.803941
40 40 0.51 0.801903
40 40 0.61 0.798825
40 40 0.71 0.797466
40 41 0.51 0.795858
40 41 0.61 0.792732
40 41 0.71 0.791345
40 41 0.81 0.791335
40 42 0.51 0.790158
40 42 0.61 0.786986
40 42 0.71 0.785574
40 42 0.81 0.785552
40 43 0.51 0.784798
40 43 0.61 0.781582
40 43 0.71 0.780145
40 43 0.81 0.780112
40 44 0.51 0.779772
40 44 0.61 0.776515
40 44 0.71 0.775054
40 44 0.81 0.775011
40 45 0.61 0.771779
40 45 0.71 0.770297
40 45 0.81 0.770243
40 46 0.61 0.767371
40 46 0.71 0.765868
40 46 0.81 0.765805
40 47 0.61 0.763286
40 47 0.71 0.761764
40 47 0.81 0.761692
40 48 0.61 0.759519
40 48 0.71 0.757979
40 48 0.81 0.757899
40 49 0.61 0.756068
40 49 0.71 0.754512
40 49 0.81 0.754424
40 50 0.61 0.752928
40 50 0.71 0.751357
40 50 0.81 0.751262
40 51 0.61 0.750097
40 51 0.71 0.748512
40 51 0.81 0.74841
40 52 0.61 0.747572
40 52 0.71 0.745974
40 52 0.81 0.745867
40 53 0.61 0.745349
40 53 0.71 0.743741
40 53 0.81 0.743628
40 54 0.61 0.743428
40 54 0.71 0.74181
40 54 0.81 0.741693
40 55 0.71 0.740179
40 55 0.81 0.740059
40 56 0.71 0.738848
40 56 0.81 0.738724
40 57 0.71 0.737813
40 57 0.81 0.737687
40 58 0.71 0.737075
40 58 0.81 0.736947
40 59 0.71 0.736632
40 59 0.81 0.736503
40 60 0.71 0.736485
40 60 0.81 0.736355
41 29 0.81 0.733374
41 29 0.91 0.731223
41 29 1.01 0.730026
41 29 1.11 0.729629
41 30 0.71 0.728104
41 30 0.81 0.724763
41 30 0.91 0.722588
41 30 1.01 0.72138
41 30 1.11 0.720985
41 31 0.71 0.719905
41 31 0.81 0.71652
41 31 0.91 0.714321
41 31 1.01 0.713104
41 31 1.11 0.71271
41 32 0.71 0.712063
41 32 0.81 0.708636
41 32 0.91 0.706413
41 32 1.01 0.705187
41 32 1.11 0.704795
41 33 0.71 0.70457
41 33 0.81 0.701102
41 33 0.91 0.698857
41 33 1.01 0.697622
41 33 1.11 0.697231
41 34 0.81 0.693911
41 34 0.91 0.691645
41 34 1.01 0.690401
41 34 1.11 0.690011
41 35 0.81 0.687055
41 35 0.91 0.684768
41 35 1.01 0.683516
41 35 1.11 0.683128
41 36 0.81 0.680527
41 36 0.91 0.67822
41 36 1.01 0.67696
41 36 1.11 0.676573
41 37 0.81 0.674319
41 37 0.91 0.671993
41 37 1.01 0.670726
41 37 1.11 0.670339
41 38 0.81 0.668425
41 38 0.91 0.66608
41 38 1.01 0.664806
41 38 1.11 0.664421
41 39 0.81 0.662838
41 39 0.91 0.660476
41 39 1.01 0.659195
41 39 1.11 0.658811
41 40 0.81 0.657553
41 40 0.91 0.655174
41 40 1.01 0.653886
41 40 1.11 0.653503
41 41 0.81 0.652562
41 41 0.91 0.650168
41 41 1.01 0.648874
41 41 1.11 0.648491
41 42 0.81 0.647862
41 42 0.91 0.645452
41 42 1.01 0.644152
41 42 1.11 0.64377
41 43 0.81 0.643445
41 43 0.91 0.641022
41 43 1.01 0.639715
41 43 1.11 0.639334
41 44 0.81 0.639308
41 44 0.91 0.636871
41 44 1.01 0.635559
41 44 1.11 0.635178
41 45 0.91 0.632996
41 45 1.01 0.631678
41 45 1.11 0.631298
41 46 0.91 0.629391
41 46 1.01 0.628069
41 46 1.11 0.627688
41 47 0.91 0.626053
41 47 1.01 0.624726
41 47 1.11 0.624346
41 48 0.91 0.622978
41 48 1.01 0.621647
41 48 1.11 0.621267
41 49 0.91 0.620162
41 49 1.01 0.618827
41 49 1.11 0.618447
41 50 0.91 0.617602
41 50 1.01 0.616263
41 50 1.11 0.615884
41 51 0.91 0.615295
41 51 1.01 0.613953
41 51 1.11 0.613573
41 52 0.91 0.613238
41 52 1.01 0.611893
41 52 1.11 0.611513
41 53 0.91 0.611429
41 53 1.01 0.610081
41 53 1.11 0.609701
41 54 1.01 0.608515
41 54 1.11 0.608135
41 55 1.01 0.607193
41 55 1.11 0.606814
41 56 1.01 0.606113
41 56 1.11 0.605734
41 57 1.01 0.605275
41 57 1.11 0.604896
41 58 1.01 0.604677
41 58 1.11 0.604298
41 59 1.11 0.603939
41 60 1.11 0.60382
42 30 1.11 0.603174
42 30 1.21 0.600878
42 30 1.31 0.599286
42 30 1.41 0.598306
42 30 1.51 0.597863
42 31 1.11 0.596429
42 31 1.21 0.594128
42 31 1.31 0.592541
42 31 1.41 0.591572
42 31 1.51 0.591145
42 32 1.11 0.589991
42 32 1.21 0.587687
42 32 1.31 0.586103
42 32 1.41 0.585145
42 32 1.51 0.584734
42 33 1.11 0.583852
42 33 1.21 0.581544
42 33 1.31 0.579965
42 33 1.41 0.579016
42 33 1.51 0.578621
42 34 1.11 0.578003
42 34 1.21 0.575692
42 34 1.31 0.574117
42 34 1.41 0.573178
42 34 1.51 0.572798
42 35 1.11 0.572438
42 35 1.21 0.570124
42 35 1.31 0.568552
42 35 1.41 0.567623
42 35 1.51 0.567257
42 36 1.11 0.567149
42 36 1.21 0.564832
42 36 1.31 0.563263
42 36 1.41 0.562343
42 36 1.51 0.56199
42 37 1.21 0.559808
42 37 1.31 0.558243
42 37 1.41 0.557332
42 37 1.51 0.556992
42 38 1.21 0.555047
42 38 1.31 0.553486
42 38 1.41 0.552582
42 38 1.51 0.552255
42 39 1.21 0.550542
42 39 1.31 0.548983
42 39 1.41 0.548088
42 39 1.51 0.547772
42 40 1.21 0.546286
42 40 1.31 0.544731
42 40 1.41 0.543843
42 40 1.51 0.543538
42 41 1.21 0.542275
42 41 1.31 0.540722
42 41 1.41 0.539841
42 41 1.51 0.539547
42 42 1.21 0.538501
42 42 1.31 0.536951
42 42 1.41 0.536077
42 42 1.51 0.535793
42 43 1.21 0.534961
42 43 1.31 0.533413
42 43 1.41 0.532545
42 43 1.51 0.532271
42 44 1.21 0.531649
42 44 1.31 0.530104
42 44 1.41 0.529242
42 44 1.51 0.528977
42 45 1.21 0.528561
42 45 1.31 0.527018
42 45 1.41 0.526161
42 45 1.51 0.525905
42 46 1.21 0.525693
42 46 1.31 0.524151
42 46 1.41 0.523299
42 46 1.51 0.523051
42 47 1.21 0.523039
42 47 1.31 0.521499
42 47 1.41 0.520653
42 47 1.51 0.520412
42 48 1.31 0.519059
42 48 1.41 0.518217
42 48 1.51 0.517983
42 49 1.31 0.516827
42 49 1.41 0.515989
42 49 1.51 0.515761
42 50 1.31 0.514799
42 50 1.41 0.513965
42 50 1.51 0.513743
42 51 1.31 0.512973
42 51 1.41 0.512142
42 51 1.51 0.511925
42 52 1.31 0.511347
42 52 1.41 0.510519
42 52 1.51 0.510307
42 53 1.31 0.509917
42 53 1.41 0.509092
42 53 1.51 0.508884
42 54 1.31 0.508682
42 54 1.41 0.507859
42 54 1.51 0.507655
42 55 1.31 0.507641
42 55 1.41 0.506819
42 55 1.51 0.506618
42 56 1.41 0.50597
42 56 1.51 0.505771
42 57 1.41 0.505312
42 57 1.51 0.505114
42 58 1.41 0.504842
42 58 1.51 0.504646
42 59 1.41 0.50456
42 59 1.51 0.504365
42 60 1.51 0.504271
43 31 1.61 0.504057
43 31 1.71 0.502559
43 31 1.81 0.501508
43 31 1.91 0.500862
43 31 2.01 0.500587
43 32 1.61 0.498958
43 32 1.71 0.497476
43 32 1.81 0.496445
43 32 1.91 0.495823
43 32 2.01 0.495575
43 33 1.61 0.49411
43 33 1.71 0.492644
43 33 1.81 0.491632
43 33 1.91 0.491033
43 33 2.01 0.490812
43 34 1.61 0.489505
43 34 1.71 0.488054
43 34 1.81 0.487061
43 34 1.91 0.486485
43 34 2.01 0.486289
43 35 1.61 0.485135
43 35 1.71 0.483699
43 35 1.81 0.482724
43 35 1.91 0.482169
43 35 2.01 0.481998
43 36 1.61 0.480993
43 36 1.71 0.479571
43 36 1.81 0.478614
43 36 1.91 0.478079
43 36 2.01 0.477932
43 37 1.61 0.477072
43 37 1.71 0.475663
43 37 1.81 0.474723
43 37 1.91 0.474208
43 37 2.01 0.474084
43 38 1.61 0.473366
43 38 1.71 0.47197
43 38 1.81 0.471045
43 38 1.91 0.47055
43 38 2.01 0.470447
43 39 1.61 0.469867
43 39 1.71 0.468483
43 39 1.81 0.467575
43 39 1.91 0.467097
43 39 2.01 0.467016
43 40 1.61 0.466571
43 40 1.71 0.465199
43 40 1.81 0.464304
43 40 1.91 0.463845
43 40 2.01 0.463783
43 41 1.61 0.463471
43 41 1.71 0.462109
43 41 1.81 0.461229
43 41 1.91 0.460786
43 41 2.01 0.460744
43 42 1.61 0.460561
43 42 1.71 0.459211
43 42 1.81 0.458344
43 42 1.91 0.457917
43 42 2.01 0.457893
43 43 1.61 0.457838
43 43 1.71 0.456497
43 43 1.81 0.455643
43 43 1.91 0.455231
43 43 2.01 0.455224
43 44 1.71 0.453964
43 44 1.81 0.453121
43 44 1.91 0.452723
43 45 1.71 0.451606
43 45 1.81 0.450775
43 45 1.91 0.450391
43 46 1.71 0.449421
43 46 1.81 0.4486
43 46 1.91 0.448228
43 47 1.71 0.447403
43 47 1.81 0.446592
43 47 1.91 0.446231
43 48 1.71 0.445549
43 48 1.81 0.444747
43 48 1.91 0.444397
43 49 1.71 0.443855
43 49 1.81 0.443062
43 49 1.91 0.442722
43 50 1.71 0.44232
43 50 1.81 0.441534
43 50 1.91 0.441204
43 51 1.71 0.440939
43 51 1.81 0.44016
43 51 1.91 0.439838
43 52 1.71 0.43971
43 52 1.81 0.438937
43 52 1.91 0.438623
43 53 1.81 0.437864
43 53 1.91 0.437556
43 54 1.81 0.436938
43 54 1.91 0.436635
43 55 1.81 0.436157
43 55 1.91 0.435859
43 56 1.81 0.43552
43 56 1.91 0.435227
43 57 1.81 0.435026
43 57 1.91 0.434736
43 58 1.81 0.434674
43 58 1.91 0.434386
43 59 1.91 0.434176
43 60 1.91 0.434106
44 32 2.51 0.434093
44 33 2.11 0.433352
44 33 2.21 0.432177
44 33 2.31 0.431336
44 33 2.41 0.430809
44 33 2.51 0.430578
44 34 2.11 0.429914
44 34 2.21 0.428764
44 34 2.31 0.427951
44 34 2.41 0.427455
44 34 2.51 0.427257
44 35 2.11 0.426667
44 35 2.21 0.425541
44 35 2.31 0.424755
44 35 2.41 0.424289
44 35 2.51 0.424123
44 36 2.11 0.423602
44 36 2.21 0.4225
44 36 2.31 0.42174
44 36 2.41 0.421303
44 36 2.51 0.421168
44 37 2.11 0.420715
44 37 2.21 0.419634
44 37 2.31 0.4189
44 37 2.41 0.41849
44 37 2.51 0.418386
44 38 2.11 0.417996
44 38 2.21 0.416937
44 38 2.31 0.416227
44 38 2.41 0.415844
44 38 2.51 0.415769
44 39 2.11 0.415441
44 39 2.21 0.414403
44 39 2.31 0.413716
44 39 2.41 0.413358
44 39 2.51 0.413311
44 40 2.11 0.413043
44 40 2.21 0.412025
44 40 2.31 0.41136
44 40 2.41 0.411027
44 40 2.51 0.411007
44 41 2.11 0.410797
44 41 2.21 0.409798
44 41 2.31 0.409154
44 41 2.41 0.408845
44 42 2.11 0.408698
44 42 2.21 0.407717
44 42 2.31 0.407093
44 42 2.41 0.406806
44 43 2.11 0.40674
44 43 2.21 0.405776
44 43 2.31 0.405171
44 43 2.41 0.404906
44 44 2.21 0.40397
44 44 2.31 0.403384
44 44 2.41 0.403139
44 45 2.21 0.402297
44 45 2.31 0.401728
44 45 2.41 0.401501
44 46 2.21 0.40075
44 46 2.31 0.400197
44 46 2.41 0.399989
44 47 2.21 0.399327
44 47 2.31 0.398789
44 47 2.41 0.398597
44 48 2.21 0.398023
44 48 2.31 0.397499
44 48 2.41 0.397323
44 49 2.21 0.396836
44 49 2.31 0.396325
44 49 2.41 0.396163
44 50 2.21 0.395762
44 50 2.31 0.395263
44 50 2.41 0.395114
44 51 2.21 0.394799
44 51 2.31 0.394311
44 51 2.41 0.394174
44 52 2.21 0.393944
44 52 2.31 0.393465
44 52 2.41 0.393339
44 53 2.21 0.393194
44 53 2.31 0.392724
44 53 2.41 0.392607
44 54 2.21 0.392549
44 54 2.31 0.392086
44 54 2.41 0.391978
44 55 2.31 0.391549
44 55 2.41 0.391447
44 56 2.31 0.391112
44 56 2.41 0.391016
44 57 2.31 0.390773
44 57 2.41 0.390681
44 58 2.31 0.390531
44 58 2.41 0.390443
44 59 2.31 0.390387
44 59 2.41 0.3903
44 60 2.41 0.390253
45 36 2.71 0.390092
45 36 2.81 0.389392
45 36 2.91 0.388961
45 36 3.01 0.388788
45 37 2.71 0.388193
45 37 2.81 0.387525
45 37 2.91 0.387129
45 37 3.01 0.386992
45 38 2.71 0.386421
45 38 2.81 0.385784
45 38 2.91 0.385421
45 38 3.01 0.385319
45 39 2.71 0.38477
45 39 2.81 0.384163
45 39 2.91 0.383831
45 39 3.01 0.383764
45 40 2.71 0.383234
45 40 2.81 0.382655
45 40 2.91 0.382354
45 40 3.01 0.38232
45 41 2.71 0.381807
45 41 2.81 0.381256
45 41 2.91 0.380985
45 41 3.01 0.380982
45 42 2.71 0.380485
45 42 2.81 0.37996
45 42 2.91 0.379716
45 43 2.71 0.379262
45 43 2.81 0.378762
45 43 2.91 0.378545
45 44 2.71 0.378134
45 44 2.81 0.377657
45 44 2.91 0.377465
45 45 2.71 0.377095
45 45 2.81 0.37664
45 45 2.91 0.376473
45 46 2.71 0.376143
45 46 2.81 0.375709
45 46 2.91 0.375564
45 47 2.71 0.375273
45 47 2.81 0.374858
45 47 2.91 0.374734
45 48 2.71 0.374481
45 48 2.81 0.374085
45 48 2.91 0.37398
45 49 2.71 0.373765
45 49 2.81 0.373385
45 49 2.91 0.373299
45 50 2.71 0.373121
45 50 2.81 0.372757
45 50 2.91 0.372687
45 51 2.71 0.372547
45 51 2.81 0.372196
45 51 2.91 0.372142
45 52 2.71 0.372039
45 52 2.81 0.371701
45 52 2.91 0.37166
45 53 2.71 0.371597
45 53 2.81 0.37127
45 53 2.91 0.371241
45 54 2.71 0.371217
45 54 2.81 0.3709
45 54 2.91 0.370881
45 55 2.81 0.37059
45 55 2.91 0.37058
45 56 2.81 0.370338
45 56 2.91 0.370336
45 57 2.81 0.370144
45 58 2.81 0.370005
45 59 2.81 0.369923
45 60 2.81 0.369895
